<?xml version="1.0" encoding="UTF-8"?>
<testng-results ignored="0" total="3" passed="3" failed="0" skipped="0">
  <reporter-output>
  </reporter-output>
  <suite started-at="2022-01-02T18:34:57 IST" name="Default suite" finished-at="2022-01-02T18:36:47 IST" duration-ms="110487">
    <groups>
    </groups>
    <test started-at="2022-01-02T18:34:57 IST" name="Default test" finished-at="2022-01-02T18:36:47 IST" duration-ms="110487">
      <class name="project_cucumber.runner.Base_runner">
        <test-method is-config="true" signature="opendriver()[pri:0, instance:project_cucumber.runner.Base_runner@78e4deb0]" started-at="2022-01-02T18:34:57 IST" name="opendriver" finished-at="2022-01-02T18:35:21 IST" duration-ms="24382" status="PASS">
          <reporter-output>
          </reporter-output>
        </test-method> <!-- opendriver -->
        <test-method signature="Testcase_1(java.lang.reflect.Method)[pri:1, instance:project_cucumber.runner.Base_runner@78e4deb0]" started-at="2022-01-02T18:35:21 IST" name="Testcase_1" finished-at="2022-01-02T18:35:40 IST" duration-ms="19038" status="PASS">
          <params>
            <param index="0">
              <value>
                <![CDATA[public void project_cucumber.runner.Base_runner.Testcase_1(java.lang.reflect.Method) throws java.lang.Exception]]>
              </value>
            </param>
          </params>
          <reporter-output>
          </reporter-output>
        </test-method> <!-- Testcase_1 -->
        <test-method is-config="true" signature="closedriver()[pri:0, instance:project_cucumber.runner.Base_runner@78e4deb0]" started-at="2022-01-02T18:35:40 IST" name="closedriver" finished-at="2022-01-02T18:35:42 IST" duration-ms="1809" status="PASS">
          <reporter-output>
          </reporter-output>
        </test-method> <!-- closedriver -->
        <test-method is-config="true" signature="opendriver()[pri:0, instance:project_cucumber.runner.Base_runner@78e4deb0]" started-at="2022-01-02T18:35:42 IST" name="opendriver" finished-at="2022-01-02T18:36:00 IST" duration-ms="18148" status="PASS">
          <reporter-output>
          </reporter-output>
        </test-method> <!-- opendriver -->
        <test-method signature="Testcase_2(java.lang.reflect.Method)[pri:2, instance:project_cucumber.runner.Base_runner@78e4deb0]" started-at="2022-01-02T18:36:00 IST" name="Testcase_2" finished-at="2022-01-02T18:36:12 IST" duration-ms="11975" status="PASS">
          <params>
            <param index="0">
              <value>
                <![CDATA[public void project_cucumber.runner.Base_runner.Testcase_2(java.lang.reflect.Method) throws java.lang.Exception]]>
              </value>
            </param>
          </params>
          <reporter-output>
          </reporter-output>
        </test-method> <!-- Testcase_2 -->
        <test-method is-config="true" signature="closedriver()[pri:0, instance:project_cucumber.runner.Base_runner@78e4deb0]" started-at="2022-01-02T18:36:12 IST" name="closedriver" finished-at="2022-01-02T18:36:17 IST" duration-ms="4800" status="PASS">
          <reporter-output>
          </reporter-output>
        </test-method> <!-- closedriver -->
        <test-method is-config="true" signature="opendriver()[pri:0, instance:project_cucumber.runner.Base_runner@78e4deb0]" started-at="2022-01-02T18:36:17 IST" name="opendriver" finished-at="2022-01-02T18:36:34 IST" duration-ms="17056" status="PASS">
          <reporter-output>
          </reporter-output>
        </test-method> <!-- opendriver -->
        <test-method signature="Testcase_3(java.lang.reflect.Method)[pri:3, instance:project_cucumber.runner.Base_runner@78e4deb0]" started-at="2022-01-02T18:36:34 IST" name="Testcase_3" finished-at="2022-01-02T18:36:45 IST" duration-ms="11537" status="PASS">
          <params>
            <param index="0">
              <value>
                <![CDATA[public void project_cucumber.runner.Base_runner.Testcase_3(java.lang.reflect.Method) throws java.lang.Exception]]>
              </value>
            </param>
          </params>
          <reporter-output>
          </reporter-output>
        </test-method> <!-- Testcase_3 -->
        <test-method is-config="true" signature="closedriver()[pri:0, instance:project_cucumber.runner.Base_runner@78e4deb0]" started-at="2022-01-02T18:36:45 IST" name="closedriver" finished-at="2022-01-02T18:36:47 IST" duration-ms="1656" status="PASS">
          <reporter-output>
          </reporter-output>
        </test-method> <!-- closedriver -->
      </class> <!-- project_cucumber.runner.Base_runner -->
    </test> <!-- Default test -->
  </suite> <!-- Default suite -->
</testng-results>
