<?xml version="1.0" encoding="UTF-8"?>
<!-- Generated by org.testng.reporters.JUnitXMLReporter -->
<testsuite ignored="0" hostname="DESKTOP-6VNBHPC" failures="0" tests="3" name="Default test" time="110.487" errors="0" timestamp="2022-01-02T18:36:47 IST">
  <testcase classname="project_cucumber.runner.Base_runner" name="Testcase_1" time="19.038"/>
  <testcase classname="project_cucumber.runner.Base_runner" name="Testcase_2" time="11.975"/>
  <testcase classname="project_cucumber.runner.Base_runner" name="Testcase_3" time="11.537"/>
</testsuite> <!-- Default test -->
