<?xml version="1.0" encoding="UTF-8"?>
<!-- Generated by org.testng.reporters.JUnitXMLReporter -->
<testsuite hostname="DESKTOP-6VNBHPC" ignored="0" name="Test" tests="3" failures="0" timestamp="2022-01-12T14:56:52 IST" time="115.138" errors="0">
  <testcase name="feature" time="45.874" classname="cucumber.api.testng.AbstractTestNGCucumberTests"/>
  <testcase name="feature" time="33.626" classname="cucumber.api.testng.AbstractTestNGCucumberTests"/>
  <testcase name="feature" time="33.4" classname="cucumber.api.testng.AbstractTestNGCucumberTests"/>
</testsuite> <!-- Test -->
